JvmtiExport can_access_local_variables 0
JvmtiExport can_hotswap_or_post_breakpoint 0
JvmtiExport can_post_on_exceptions 0
# 186 ciObject found
ciMethod java/lang/Object <init> ()V 4097 1 135668 0 96
ciMethod java/lang/String <init> ([CII)V 4097 1 5725 0 704
ciMethod java/lang/String length ()I 4097 1 91968 0 64
ciMethod java/lang/String charAt (I)C 4097 1 504233 0 160
ciMethod java/lang/String getChars (II[CI)V 4097 1 5656 0 320
ciMethod java/lang/String startsWith (Ljava/lang/String;I)Z 4097 289 6082 0 416
ciMethod java/lang/String startsWith (Ljava/lang/String;)Z 3289 1 28564 0 352
ciMethod java/lang/String endsWith (Ljava/lang/String;)Z 4097 1 18130 0 416
ciMethod java/lang/String indexOf (I)I 4097 1 19880 0 384
ciMethod java/lang/String indexOf (II)I 1617 65537 1340 0 448
ciMethod java/lang/String indexOfSupplementary (II)I 0 0 1 0 -1
ciMethod java/lang/String lastIndexOf (I)I 3073 1 13312 0 0
ciMethod java/lang/String lastIndexOf (II)I 1633 147457 983 0 288
ciMethod java/lang/String lastIndexOfSupplementary (II)I 0 0 1 0 -1
ciMethod java/lang/String indexOf (Ljava/lang/String;)I 2217 1 11027 0 -1
ciMethod java/lang/String indexOf (Ljava/lang/String;I)I 4097 1 17884 0 1120
ciMethod java/lang/String indexOf ([CII[CIII)I 1633 122881 1914 0 1248
ciMethod java/lang/String substring (I)Ljava/lang/String; 2809 1 2466 0 0
ciMethod java/lang/String substring (II)Ljava/lang/String; 4097 1 5672 0 992
ciMethod java/lang/System arraycopy (Ljava/lang/Object;ILjava/lang/Object;II)V 27649 1 3456 0 -1
ciMethod java/lang/AbstractStringBuilder <init> (I)V 3465 1 21068 0 0
ciMethod java/lang/AbstractStringBuilder ensureCapacityInternal (I)V 4097 1 100117 0 640
ciMethod java/lang/AbstractStringBuilder newCapacity (I)I 3265 1 3680 0 0
ciMethod java/lang/AbstractStringBuilder hugeCapacity (I)I 0 0 1 0 -1
ciMethod java/lang/AbstractStringBuilder append (Ljava/lang/String;)Ljava/lang/AbstractStringBuilder; 4097 1 5892 0 1056
ciMethod java/lang/AbstractStringBuilder appendNull ()Ljava/lang/AbstractStringBuilder; 0 0 1 0 -1
ciMethod java/lang/StringBuilder <init> ()V 2953 1 15100 0 192
ciMethod java/lang/StringBuilder append (Ljava/lang/String;)Ljava/lang/StringBuilder; 4097 1 34082 0 1024
ciMethod java/lang/StringBuilder toString ()Ljava/lang/String; 3113 1 16619 0 832
ciMethod java/net/URL set (Ljava/lang/String;Ljava/lang/String;ILjava/lang/String;Ljava/lang/String;Ljava/lang/String;Ljava/lang/String;Ljava/lang/String;)V 3169 1 5541 0 0
ciMethod java/net/URL getQuery ()Ljava/lang/String; 1137 1 142 0 0
ciMethod java/net/URL getPath ()Ljava/lang/String; 1097 1 137 0 0
ciMethod java/net/URL getUserInfo ()Ljava/lang/String; 1057 1 132 0 0
ciMethod java/net/URL getAuthority ()Ljava/lang/String; 1065 1 133 0 0
ciMethod java/net/URL getPort ()I 1041 1 130 0 0
ciMethod java/net/URL getProtocol ()Ljava/lang/String; 1025 1 128 0 0
ciMethod java/net/URL getHost ()Ljava/lang/String; 1033 1 129 0 0
ciMethod java/net/URL getRef ()Ljava/lang/String; 1025 1 128 0 0
ciMethod java/lang/Integer parseInt (Ljava/lang/String;I)I 785 1617 112 0 -1
ciMethod java/lang/Integer parseInt (Ljava/lang/String;)I 81 1 15 0 0
ciMethod java/lang/Math min (II)I 4097 1 36870 0 -1
ciMethod java/util/Arrays copyOf ([CI)[C 3665 1 11212 0 0
ciMethod java/util/Arrays copyOfRange ([CII)[C 4097 1 5742 0 512
ciMethodData java/lang/String charAt (I)C 2 504243 orig 264 152 82 201 118 0 0 0 0 104 61 166 33 0 0 0 0 120 1 0 0 32 0 0 0 0 0 0 0 0 0 0 0 0 0 0 0 0 0 0 0 0 0 0 0 0 0 0 0 0 0 0 0 0 0 0 0 0 0 0 0 0 0 0 0 0 0 0 0 0 0 0 0 0 0 0 0 0 0 0 0 77 68 79 32 101 120 116 114 97 32 100 97 116 97 32 108 111 99 107 0 0 0 0 0 0 0 0 0 0 0 0 0 0 0 0 0 0 0 0 0 0 0 0 0 0 0 0 0 0 0 0 0 0 0 0 0 0 0 0 0 0 0 0 0 0 0 0 0 0 0 0 0 0 0 0 0 0 0 0 0 0 0 0 0 0 0 0 0 0 0 0 0 0 0 0 0 0 0 0 0 0 0 0 0 25 0 0 0 0 0 0 0 0 0 0 0 0 0 0 0 1 0 0 0 0 0 0 0 0 0 0 0 0 0 0 0 0 2 0 0 153 125 61 0 1 0 0 0 0 0 0 0 0 0 0 0 2 0 0 0 0 0 0 0 0 0 0 0 80 0 0 0 255 255 255 255 7 0 1 0 0 0 0 0 data 10 0x10007 0x0 0x40 0x7afb4 0xa0007 0x7afb4 0x30 0x0 0x120002 0x0 oops 0
ciMethodData java/lang/String length ()I 2 91994 orig 264 152 82 201 118 0 0 0 0 24 60 166 33 0 0 0 0 32 1 0 0 0 0 0 0 0 0 0 0 0 0 0 0 0 0 0 0 0 0 0 0 0 0 0 0 0 0 0 0 0 0 0 0 0 0 0 0 0 0 0 0 0 0 0 0 0 0 0 0 0 0 0 0 0 0 0 0 0 0 0 0 77 68 79 32 101 120 116 114 97 32 100 97 116 97 32 108 111 99 107 0 0 0 0 0 0 0 0 0 0 0 0 0 0 0 0 0 0 0 0 0 0 0 0 0 0 0 0 0 0 0 0 0 0 0 0 0 0 0 0 0 0 0 0 0 0 0 0 0 0 0 0 0 0 0 0 0 0 0 0 0 0 0 0 0 0 0 0 0 0 0 0 0 0 0 0 0 0 0 0 0 0 0 0 0 1 0 0 0 0 0 0 0 0 0 0 0 0 0 0 0 1 0 0 0 0 0 0 0 0 0 0 0 0 0 0 0 0 2 0 0 209 42 11 0 1 0 0 0 0 0 0 0 0 0 0 0 2 0 0 0 0 0 0 0 0 0 0 0 0 0 0 0 255 255 255 255 0 0 0 0 0 0 0 0 data 0 oops 0
ciMethodData java/lang/Object <init> ()V 2 135671 orig 264 152 82 201 118 0 0 0 0 128 4 166 33 0 0 0 0 32 1 0 0 0 0 0 0 0 0 0 0 0 0 0 0 0 0 0 0 0 0 0 0 0 0 0 0 0 0 0 0 0 0 0 0 0 0 0 0 0 0 0 0 0 0 0 0 0 0 0 0 0 0 0 0 0 0 0 0 0 0 0 0 77 68 79 32 101 120 116 114 97 32 100 97 116 97 32 108 111 99 107 0 0 0 0 0 0 0 0 0 0 0 0 0 0 0 0 0 0 0 0 0 0 0 0 0 0 0 0 0 0 0 0 0 0 0 0 0 0 0 0 0 0 0 0 0 0 0 0 0 0 0 0 0 0 0 0 0 0 0 0 0 0 0 0 0 0 0 0 0 0 0 0 0 0 0 0 0 0 0 0 0 0 0 0 0 1 0 0 0 0 0 0 0 1 0 0 0 0 0 0 0 1 0 0 0 0 0 0 0 0 0 0 0 0 0 0 0 0 2 0 0 185 127 16 0 1 0 0 0 0 0 0 0 0 0 0 0 2 0 0 0 0 0 0 0 0 0 0 0 0 0 0 0 255 255 255 255 0 0 0 0 0 0 0 0 data 0 oops 0
ciMethod java/net/URLStreamHandler parseURL (Ljava/net/URL;Ljava/lang/String;II)V 2177 1 5549 0 -1
ciMethod java/net/URLStreamHandler setURL (Ljava/net/URL;Ljava/lang/String;Ljava/lang/String;ILjava/lang/String;Ljava/lang/String;Ljava/lang/String;Ljava/lang/String;Ljava/lang/String;)V 3169 1 5541 0 768
ciMethodData java/lang/String indexOf ([CII[CIII)I 2 110007 orig 264 152 82 201 118 0 0 0 0 152 87 166 33 0 0 0 0 56 3 0 0 24 1 0 0 0 0 0 0 0 0 0 0 0 0 0 0 0 0 0 0 0 0 0 0 0 0 0 0 0 0 0 0 0 0 0 0 0 0 0 0 0 0 0 0 0 0 0 0 0 0 0 0 0 0 0 0 0 0 0 0 77 68 79 32 101 120 116 114 97 32 100 97 116 97 32 108 111 99 107 0 0 0 0 0 0 0 0 0 0 0 0 0 0 0 0 0 0 0 0 0 0 0 0 0 0 0 0 0 0 0 0 0 0 0 0 0 0 0 0 0 0 0 0 0 1 0 0 0 0 0 0 0 0 0 0 0 0 0 0 0 0 0 0 0 0 0 0 0 0 0 0 0 0 0 0 0 0 0 0 1 0 0 0 0 0 0 0 0 0 0 0 0 0 0 0 0 0 0 0 0 0 0 0 0 0 0 0 0 0 0 0 0 0 0 0 0 0 60 0 0 113 53 0 0 185 141 11 0 202 2 0 0 194 129 0 0 2 0 0 0 3 0 35 0 2 0 0 0 224 1 0 0 255 255 255 255 7 0 3 0 0 0 0 0 data 60 0x30007 0x6ad 0x58 0x1 0x80007 0x1 0x38 0x0 0xc0003 0x0 0x18 0x130007 0x6ad 0x20 0x0 0x1b0007 0x6ad 0x20 0x0 0x390007 0x4f7 0x148 0x1eed 0x420007 0x324 0x78 0x1bc9 0x4c0007 0x4f4 0x58 0x16ad7 0x550007 0x16d5 0x38 0x15402 0x580003 0x15402 0xffffffffffffffc0 0x5f0007 0x4f4 0x98 0x19f9 0x7b0007 0x1b7 0x58 0x18a7 0x86e007 0x1843 0x38 0x65 0x8f0003 0x65 0xffffffffffffffc0 0x960007 0x1843 0x20 0x1b7 0xa10003 0x1d37 0xfffffffffffffed0 oops 0
ciMethodData java/lang/String indexOf (II)I 2 76611 orig 264 152 82 201 118 0 0 0 0 56 81 166 33 0 0 0 0 16 2 0 0 88 0 0 0 0 0 0 0 0 0 0 0 0 0 0 0 0 0 0 0 0 0 0 0 0 0 0 0 0 0 0 0 0 0 0 0 0 0 0 0 0 0 0 0 0 0 0 0 0 0 0 0 0 0 0 0 0 0 0 0 77 68 79 32 101 120 116 114 97 32 100 97 116 97 32 108 111 99 107 0 0 0 0 0 0 0 0 0 0 0 0 0 0 0 0 0 0 0 0 0 0 0 0 0 0 0 0 0 0 0 0 0 0 0 0 0 0 0 0 0 0 0 0 0 0 0 0 0 0 0 0 0 0 0 0 0 0 0 0 0 0 0 0 0 0 0 0 0 0 0 0 0 0 0 0 0 0 0 0 0 0 0 0 0 17 0 0 0 0 0 0 0 0 0 0 0 0 0 0 0 1 0 0 0 0 0 0 0 0 0 0 0 0 0 0 0 0 32 0 0 145 35 0 0 25 90 8 0 0 0 0 0 0 0 0 0 2 0 0 0 0 0 0 0 0 0 0 0 224 0 0 0 255 255 255 255 7 0 7 0 0 0 0 0 data 28 0x70007 0x472 0x38 0x0 0xc0003 0x0 0x38 0x110007 0x397 0x20 0xdb 0x190007 0x0 0x78 0x397 0x280007 0x36f 0x58 0x10b65 0x310007 0x10b3e 0x20 0x27 0x3a0003 0x10b3e 0xffffffffffffffc0 0x420002 0x0 oops 0
ciMethodData java/lang/String <init> ([CII)V 2 5725 orig 264 152 82 201 118 0 0 0 0 88 49 166 33 0 0 0 0 80 2 0 0 208 0 0 0 0 0 0 0 0 0 0 0 0 0 0 0 0 0 0 0 0 0 0 0 0 0 0 0 0 0 0 0 0 0 0 0 0 0 0 0 0 0 0 0 0 0 0 0 0 0 0 0 0 0 0 0 0 0 0 0 77 68 79 32 101 120 116 114 97 32 100 97 116 97 32 108 111 99 107 0 0 0 0 0 0 0 0 0 0 0 0 0 0 0 0 0 0 0 0 0 0 0 0 0 0 0 0 0 0 0 0 0 0 0 0 0 0 0 0 0 0 0 0 0 0 0 0 0 0 0 0 0 0 0 0 0 0 0 0 0 0 0 0 0 0 0 0 0 0 0 0 0 0 0 0 0 0 0 0 0 0 0 0 0 0 0 0 0 0 0 0 0 0 0 0 0 0 0 0 0 0 0 0 0 0 0 0 0 0 0 0 0 0 0 0 0 0 2 0 0 233 162 0 0 1 0 0 0 0 0 0 0 0 0 0